<?xml version="1.0" encoding="UTF-8"?>
<!-- Generated by org.testng.reporters.JUnitReportReporter -->
<testsuite skipped="0" hostname="Imtiaz" name="com.crm.qa.testcases.HomePageTest" tests="2" failures="0" timestamp="24 Apr 2019 06:36:20 GMT" time="72.200" errors="0">
  <testcase name="verifyHomePageTitleTest" time="43.875" classname="com.crm.qa.testcases.HomePageTest"/>
  <testcase name="verifyUserNameTest" time="28.325" classname="com.crm.qa.testcases.HomePageTest"/>
</testsuite> <!-- com.crm.qa.testcases.HomePageTest -->
