<?xml version="1.0" encoding="UTF-8"?>
<!-- Generated by org.testng.reporters.JUnitReportReporter -->
<testsuite skipped="0" hostname="Imtiaz" name="com.crm.qa.testcases.HomePageTest" tests="2" failures="0" timestamp="24 Apr 2019 08:04:50 GMT" time="60.409" errors="0">
  <testcase name="verifyHomePageTitleTest" time="39.487" classname="com.crm.qa.testcases.HomePageTest"/>
  <testcase name="verifyUserNameTest" time="20.922" classname="com.crm.qa.testcases.HomePageTest"/>
</testsuite> <!-- com.crm.qa.testcases.HomePageTest -->
